<?xml version="1.0" encoding="UTF-8"?>
<!-- Generated by org.testng.reporters.JUnitReportReporter -->
<testsuite hostname="LAPTOP-MJG35G54" failures="0" tests="1" name="com.hrms.testscripts.TC001" time="6.043" errors="0" timestamp="5 Nov 2022 04:28:28 GMT">
  <testcase classname="com.hrms.testscripts.TC001" name="tc001" time="6.043"/>
</testsuite> <!-- com.hrms.testscripts.TC001 -->
