<?xml version="1.0" encoding="UTF-8"?>
<!-- Generated by org.testng.reporters.JUnitReportReporter -->
<testsuite hostname="LAPTOP-MJG35G54" failures="0" tests="1" name="com.hrms.testscripts.TC002" time="7.210" errors="0" timestamp="5 Nov 2022 04:44:21 GMT">
  <testcase classname="com.hrms.testscripts.TC002" name="tc002" time="7.210"/>
</testsuite> <!-- com.hrms.testscripts.TC002 -->
